


ARM Macro Assembler    Page 1 


    1 00000000         ;/******************************************************
                       ********************//**
    2 00000000         ; * @file     startup_CMSDK_CM0.s
    3 00000000         ; * @brief    CMSIS Cortex-M0 Core Device Startup File f
                       or
    4 00000000         ; *           Device CMSDK_CM0
    5 00000000         ; * @version  V3.01
    6 00000000         ; * @date     06. March 2012
    7 00000000         ; *
    8 00000000         ; * @note
    9 00000000         ; * Copyright (C) 2012 ARM Limited. All rights reserved.
                       
   10 00000000         ; *
   11 00000000         ; * @par
   12 00000000         ; * ARM Limited (ARM) is supplying this software for use
                        with Cortex-M
   13 00000000         ; * processor based microcontrollers.  This file can be 
                       freely distributed
   14 00000000         ; * within development tools that are supporting such AR
                       M based processors.
   15 00000000         ; *
   16 00000000         ; * @par
   17 00000000         ; * THIS SOFTWARE IS PROVIDED "AS IS".  NO WARRANTIES, W
                       HETHER EXPRESS, IMPLIED
   18 00000000         ; * OR STATUTORY, INCLUDING, BUT NOT LIMITED TO, IMPLIED
                        WARRANTIES OF
   19 00000000         ; * MERCHANTABILITY AND FITNESS FOR A PARTICULAR PURPOSE
                        APPLY TO THIS SOFTWARE.
   20 00000000         ; * ARM SHALL NOT, IN ANY CIRCUMSTANCES, BE LIABLE FOR S
                       PECIAL, INCIDENTAL, OR
   21 00000000         ; * CONSEQUENTIAL DAMAGES, FOR ANY REASON WHATSOEVER.
   22 00000000         ; *
   23 00000000         ; ******************************************************
                       ************************/
   24 00000000         ;/*
   25 00000000         ;//-------- <<< Use Configuration Wizard in Context Menu
                        >>> ------------------
   26 00000000         ;*/
   27 00000000         
   28 00000000         
   29 00000000         ; <h> Stack Configuration
   30 00000000         ;   <o> Stack Size (in Bytes) <0x0-0xFFFFFFFF:8>
   31 00000000         ; </h>
   32 00000000         
   33 00000000 00000400 
                       Stack_Size
                               EQU              0x00000400
   34 00000000         
   35 00000000                 AREA             STACK, NOINIT, READWRITE, ALIGN
=4
   36 00000000         Stack_Mem
                               SPACE            Stack_Size
   37 00000400         __initial_sp
   38 00000400         
   39 00000400         
   40 00000400         ; <h> Heap Configuration
   41 00000400         ;   <o>  Heap Size (in Bytes) <0x0-0xFFFFFFFF:8>
   42 00000400         ; </h>
   43 00000400         



ARM Macro Assembler    Page 2 


   44 00000400 00000400 
                       Heap_Size
                               EQU              0x00000400
   45 00000400         
   46 00000400                 AREA             HEAP, NOINIT, READWRITE, ALIGN=
4
   47 00000000         __heap_base
   48 00000000         Heap_Mem
                               SPACE            Heap_Size
   49 00000400         __heap_limit
   50 00000400         
   51 00000400         
   52 00000400                 PRESERVE8
   53 00000400                 THUMB
   54 00000400         
   55 00000400         
   56 00000400         ; Vector Table Mapped to Address 0 at Reset
   57 00000400         
   58 00000400                 AREA             RESET, DATA, READONLY
   59 00000000                 EXPORT           __Vectors
   60 00000000         
   61 00000000 00000000 
                       __Vectors
                               DCD              __initial_sp ; Top of Stack
   62 00000004 00000000        DCD              Reset_Handler ; Reset Handler
   63 00000008 00000000        DCD              0           ; NMI Handler
   64 0000000C 00000000        DCD              0           ; Hard Fault Handle
                                                            r
   65 00000010 00000000        DCD              0           ; Reserved
   66 00000014 00000000        DCD              0           ; Reserved
   67 00000018 00000000        DCD              0           ; Reserved
   68 0000001C 00000000        DCD              0           ; Reserved
   69 00000020 00000000        DCD              0           ; Reserved
   70 00000024 00000000        DCD              0           ; Reserved
   71 00000028 00000000        DCD              0           ; Reserved
   72 0000002C 00000000        DCD              0           ; SVCall Handler
   73 00000030 00000000        DCD              0           ; Reserved
   74 00000034 00000000        DCD              0           ; Reserved
   75 00000038 00000000        DCD              0           ; PendSV Handler
   76 0000003C 00000000        DCD              0           ; Reserved
   77 00000040         
   78 00000040         
   79 00000040 00000000        DCD              UART_Handler ; I2C Handler
   80 00000044 00000000        DCD              I2C_Handler ; IRQ0 Handler
   81 00000048         
   82 00000048         
   83 00000048                 AREA             |.text|, CODE, READONLY
   84 00000000         
   85 00000000         
   86 00000000         ; Reset Handler
   87 00000000         
   88 00000000         Reset_Handler
                               PROC
   89 00000000                 GLOBAL           Reset_Handler
   90 00000000                 ENTRY
   91 00000000                 IMPORT           __main
   92 00000000 4808            LDR              R0, =__main
   93 00000002 4680            MOV              R8, R0
   94 00000004 46C1            MOV              R9, R8



ARM Macro Assembler    Page 3 


   95 00000006 4700            BX               R0
   96 00000008                 ENDP
   97 00000008         
   98 00000008         UART_Handler
                               PROC
   99 00000008                 EXPORT           UART_Handler            [WEAK]
  100 00000008                 IMPORT           UARTHandle
  101 00000008 B507            PUSH             {R0,R1,R2,LR}
  102 0000000A F7FF FFFE       BL               UARTHandle
  103 0000000E BD07            POP              {R0,R1,R2,PC}
  104 00000010                 ENDP
  105 00000010         
  106 00000010         
  107 00000010                 ALIGN            4
  108 00000010         
  109 00000010                 IF               :DEF:__MICROLIB
  116 00000010         
  117 00000010                 IMPORT           __use_two_region_memory
  118 00000010                 EXPORT           __user_initial_stackheap
  119 00000010         
  120 00000010         
  121 00000010         
  122 00000010         I2C_Handler
                               PROC
  123 00000010                 EXPORT           I2C_Handler             [WEAK]
  124 00000010                 IMPORT           I2C_Readbuf
  125 00000010 B507            PUSH             {R0,R1,R2,LR}
  126 00000012 F7FF FFFE       BL               I2C_Readbuf
  127 00000016 BD07            POP              {R0,R1,R2,PC}
  128 00000018                 ENDP
  129 00000018                 ALIGN            4
  130 00000018         
  131 00000018         
  132 00000018         
  133 00000018         __user_initial_stackheap
  134 00000018         
  135 00000018 4803            LDR              R0, =  Heap_Mem
  136 0000001A 4904            LDR              R1, =(Stack_Mem + Stack_Size)
  137 0000001C 4A04            LDR              R2, = (Heap_Mem +  Heap_Size)
  138 0000001E 4B05            LDR              R3, = Stack_Mem
  139 00000020 4770            BX               LR
  140 00000022         
  141 00000022 00 00           ALIGN
  142 00000024         
  143 00000024                 ENDIF
  144 00000024         
  145 00000024                 END
              00000000 
              00000000 
              00000400 
              00000400 
              00000000 
Command Line: --debug --xref --diag_suppress=9931 --cpu=Cortex-M0 --apcs=interw
ork --depend=.\startup_cmsdk_cm0.d -o.\startup_cmsdk_cm0.o -I.\RTE\_Target_1 -I
C:\Users\Administrator\AppData\Local\Arm\Packs\Keil\V2M-MPS2_CMx_BSP\1.7.0\Devi
ce\CMSDK_CM0\Include -ID:\Keil_v5\ARM\CMSIS\Include --predefine="__UVISION_VERS
ION SETA 529" --predefine="CMSDK_CM0 SETA 1" --list=.\listings\startup_cmsdk_cm
0.lst startup_CMSDK_CM0.s



ARM Macro Assembler    Page 1 Alphabetic symbol ordering
Relocatable symbols

STACK 00000000

Symbol: STACK
   Definitions
      At line 35 in file startup_CMSDK_CM0.s
   Uses
      None
Comment: STACK unused
Stack_Mem 00000000

Symbol: Stack_Mem
   Definitions
      At line 36 in file startup_CMSDK_CM0.s
   Uses
      At line 136 in file startup_CMSDK_CM0.s
      At line 138 in file startup_CMSDK_CM0.s

__initial_sp 00000400

Symbol: __initial_sp
   Definitions
      At line 37 in file startup_CMSDK_CM0.s
   Uses
      At line 61 in file startup_CMSDK_CM0.s
Comment: __initial_sp used once
3 symbols



ARM Macro Assembler    Page 1 Alphabetic symbol ordering
Relocatable symbols

HEAP 00000000

Symbol: HEAP
   Definitions
      At line 46 in file startup_CMSDK_CM0.s
   Uses
      None
Comment: HEAP unused
Heap_Mem 00000000

Symbol: Heap_Mem
   Definitions
      At line 48 in file startup_CMSDK_CM0.s
   Uses
      At line 135 in file startup_CMSDK_CM0.s
      At line 137 in file startup_CMSDK_CM0.s

__heap_base 00000000

Symbol: __heap_base
   Definitions
      At line 47 in file startup_CMSDK_CM0.s
   Uses
      None
Comment: __heap_base unused
__heap_limit 00000400

Symbol: __heap_limit
   Definitions
      At line 49 in file startup_CMSDK_CM0.s
   Uses
      None
Comment: __heap_limit unused
4 symbols



ARM Macro Assembler    Page 1 Alphabetic symbol ordering
Relocatable symbols

RESET 00000000

Symbol: RESET
   Definitions
      At line 58 in file startup_CMSDK_CM0.s
   Uses
      None
Comment: RESET unused
__Vectors 00000000

Symbol: __Vectors
   Definitions
      At line 61 in file startup_CMSDK_CM0.s
   Uses
      At line 59 in file startup_CMSDK_CM0.s
Comment: __Vectors used once
2 symbols



ARM Macro Assembler    Page 1 Alphabetic symbol ordering
Relocatable symbols

.text 00000000

Symbol: .text
   Definitions
      At line 83 in file startup_CMSDK_CM0.s
   Uses
      None
Comment: .text unused
I2C_Handler 00000010

Symbol: I2C_Handler
   Definitions
      At line 122 in file startup_CMSDK_CM0.s
   Uses
      At line 80 in file startup_CMSDK_CM0.s
      At line 123 in file startup_CMSDK_CM0.s

Reset_Handler 00000000

Symbol: Reset_Handler
   Definitions
      At line 88 in file startup_CMSDK_CM0.s
   Uses
      At line 62 in file startup_CMSDK_CM0.s
      At line 89 in file startup_CMSDK_CM0.s

UART_Handler 00000008

Symbol: UART_Handler
   Definitions
      At line 98 in file startup_CMSDK_CM0.s
   Uses
      At line 79 in file startup_CMSDK_CM0.s
      At line 99 in file startup_CMSDK_CM0.s

__user_initial_stackheap 00000018

Symbol: __user_initial_stackheap
   Definitions
      At line 133 in file startup_CMSDK_CM0.s
   Uses
      At line 118 in file startup_CMSDK_CM0.s
Comment: __user_initial_stackheap used once
5 symbols



ARM Macro Assembler    Page 1 Alphabetic symbol ordering
Absolute symbols

Heap_Size 00000400

Symbol: Heap_Size
   Definitions
      At line 44 in file startup_CMSDK_CM0.s
   Uses
      At line 48 in file startup_CMSDK_CM0.s
      At line 137 in file startup_CMSDK_CM0.s

Stack_Size 00000400

Symbol: Stack_Size
   Definitions
      At line 33 in file startup_CMSDK_CM0.s
   Uses
      At line 36 in file startup_CMSDK_CM0.s
      At line 136 in file startup_CMSDK_CM0.s

2 symbols



ARM Macro Assembler    Page 1 Alphabetic symbol ordering
External symbols

I2C_Readbuf 00000000

Symbol: I2C_Readbuf
   Definitions
      At line 124 in file startup_CMSDK_CM0.s
   Uses
      At line 126 in file startup_CMSDK_CM0.s
Comment: I2C_Readbuf used once
UARTHandle 00000000

Symbol: UARTHandle
   Definitions
      At line 100 in file startup_CMSDK_CM0.s
   Uses
      At line 102 in file startup_CMSDK_CM0.s
Comment: UARTHandle used once
__main 00000000

Symbol: __main
   Definitions
      At line 91 in file startup_CMSDK_CM0.s
   Uses
      At line 92 in file startup_CMSDK_CM0.s
Comment: __main used once
__use_two_region_memory 00000000

Symbol: __use_two_region_memory
   Definitions
      At line 117 in file startup_CMSDK_CM0.s
   Uses
      None
Comment: __use_two_region_memory unused
4 symbols
356 symbols in table
